<?xml version="1.0" encoding="UTF-8"?>
<testsuite name="tuts.lsb.IssueManagerTest" tests="1" skipped="0" failures="0" errors="0" timestamp="2015-02-15T17:42:43" hostname="plato.config" time="1.209">
  <properties/>
  <testcase name="findOpenIssues" classname="tuts.lsb.IssueManagerTest" time="1.209"/>
  <system-out><![CDATA[2015-02-15 17:42:43.390  INFO 3387 --- [    Test worker] o.s.t.c.s.DefaultTestContextBootstrapper : Loaded default TestExecutionListener class names from location [META-INF/spring.factories]: [org.springframework.test.context.web.ServletTestExecutionListener, org.springframework.test.context.support.DependencyInjectionTestExecutionListener, org.springframework.test.context.support.DirtiesContextTestExecutionListener, org.springframework.test.context.transaction.TransactionalTestExecutionListener, org.springframework.test.context.jdbc.SqlScriptsTestExecutionListener]
2015-02-15 17:42:43.391  INFO 3387 --- [    Test worker] o.s.t.c.s.DefaultTestContextBootstrapper : Could not instantiate TestExecutionListener [org.springframework.test.context.jdbc.SqlScriptsTestExecutionListener]. Specify custom listener classes or make the default listener classes (and their required dependencies) available. Offending class: [org/springframework/transaction/interceptor/TransactionAttribute]
2015-02-15 17:42:43.391  INFO 3387 --- [    Test worker] o.s.t.c.s.DefaultTestContextBootstrapper : Could not instantiate TestExecutionListener [org.springframework.test.context.transaction.TransactionalTestExecutionListener]. Specify custom listener classes or make the default listener classes (and their required dependencies) available. Offending class: [org/springframework/transaction/interceptor/TransactionAttributeSource]
2015-02-15 17:42:43.392  INFO 3387 --- [    Test worker] o.s.t.c.s.DefaultTestContextBootstrapper : Using TestExecutionListeners: [org.springframework.test.context.web.ServletTestExecutionListener@1a43c41f, org.springframework.test.context.support.DependencyInjectionTestExecutionListener@74604a61, org.springframework.test.context.support.DirtiesContextTestExecutionListener@33edb324]

  .   ____          _            __ _ _
 /\\ / ___'_ __ _ _(_)_ __  __ _ \ \ \ \
( ( )\___ | '_ | '_| | '_ \/ _` | \ \ \ \
 \\/  ___)| |_)| | | | | || (_| |  ) ) ) )
  '  |____| .__|_| |_|_| |_\__, | / / / /
 =========|_|==============|___/=/_/_/_/
 :: Spring Boot ::        (v1.2.1.RELEASE)

2015-02-15 17:42:43.417  INFO 3387 --- [    Test worker] o.s.boot.SpringApplication               : Starting application on plato.config with PID 3387 (/Users/Temple/.gradle/caches/modules-2/files-2.1/org.springframework.boot/spring-boot/1.2.1.RELEASE/efe81809343f4fca576ea872eb6a269599ebb1d0/spring-boot-1.2.1.RELEASE.jar started by Temple in /Users/Temple/Work/dev/tutorials/spring-boot/lsb/ch02-java/issue-manager)
2015-02-15 17:42:43.419  INFO 3387 --- [    Test worker] s.c.a.AnnotationConfigApplicationContext : Refreshing org.springframework.context.annotation.AnnotationConfigApplicationContext@69b45449: startup date [Sun Feb 15 17:42:43 GMT 2015]; root of context hierarchy
2015-02-15 17:42:43.587  INFO 3387 --- [    Test worker] f.a.AutowiredAnnotationBeanPostProcessor : JSR-330 'javax.inject.Inject' annotation found and supported for autowiring
2015-02-15 17:42:43.641  INFO 3387 --- [    Test worker] o.s.boot.SpringApplication               : Started application in 0.244 seconds (JVM running for 2.963)
]]></system-out>
  <system-err><![CDATA[]]></system-err>
</testsuite>
